        -:    0:Source:/home/klee/dockermount/backup_new_metric.13.11.18.2d61b2e499437e975318565a0521f7bfebe9efb4/checksum-repair/samples/cjson/cJSON.c
        -:    0:Graph:/home/klee/dockermount/backup_new_metric.13.11.18.2d61b2e499437e975318565a0521f7bfebe9efb4/checksum-repair/samples/cjson/cJSON.gcno
        -:    0:Data:/home/klee/dockermount/backup_new_metric.13.11.18.2d61b2e499437e975318565a0521f7bfebe9efb4/checksum-repair/samples/cjson/cJSON.gcda
        -:    0:Runs:15
        -:    0:Programs:1
        -:    1:/*
        -:    2:  Copyright (c) 2009-2017 Dave Gamble and cJSON contributors
        -:    3:
        -:    4:  Permission is hereby granted, free of charge, to any person obtaining a copy
        -:    5:  of this software and associated documentation files (the "Software"), to deal
        -:    6:  in the Software without restriction, including without limitation the rights
        -:    7:  to use, copy, modify, merge, publish, distribute, sublicense, and/or sell
        -:    8:  copies of the Software, and to permit persons to whom the Software is
        -:    9:  furnished to do so, subject to the following conditions:
        -:   10:
        -:   11:  The above copyright notice and this permission notice shall be included in
        -:   12:  all copies or substantial portions of the Software.
        -:   13:
        -:   14:  THE SOFTWARE IS PROVIDED "AS IS", WITHOUT WARRANTY OF ANY KIND, EXPRESS OR
        -:   15:  IMPLIED, INCLUDING BUT NOT LIMITED TO THE WARRANTIES OF MERCHANTABILITY,
        -:   16:  FITNESS FOR A PARTICULAR PURPOSE AND NONINFRINGEMENT. IN NO EVENT SHALL THE
        -:   17:  AUTHORS OR COPYRIGHT HOLDERS BE LIABLE FOR ANY CLAIM, DAMAGES OR OTHER
        -:   18:  LIABILITY, WHETHER IN AN ACTION OF CONTRACT, TORT OR OTHERWISE, ARISING FROM,
        -:   19:  OUT OF OR IN CONNECTION WITH THE SOFTWARE OR THE USE OR OTHER DEALINGS IN
        -:   20:  THE SOFTWARE.
        -:   21:*/
        -:   22:
        -:   23:/* cJSON */
        -:   24:/* JSON parser in C. */
        -:   25:
        -:   26:/* disable warnings about old C89 functions in MSVC */
        -:   27:#if !defined(_CRT_SECURE_NO_DEPRECATE) && defined(_MSC_VER)
        -:   28:#define _CRT_SECURE_NO_DEPRECATE
        -:   29:#endif
        -:   30:
        -:   31:#ifdef __GNUC__
        -:   32:#pragma GCC visibility push(default)
        -:   33:#endif
        -:   34:#if defined(_MSC_VER)
        -:   35:#pragma warning (push)
        -:   36:/* disable warning about single line comments in system headers */
        -:   37:#pragma warning (disable : 4001)
        -:   38:#endif
        -:   39:
        -:   40:#include <string.h>
        -:   41:#include <stdio.h>
        -:   42:#include <math.h>
        -:   43:#include <stdlib.h>
        -:   44:#include <limits.h>
        -:   45:#include <ctype.h>
        -:   46:
        -:   47:#ifdef ENABLE_LOCALES
        -:   48:#include <locale.h>
        -:   49:#endif
        -:   50:
        -:   51:#if defined(_MSC_VER)
        -:   52:#pragma warning (pop)
        -:   53:#endif
        -:   54:#ifdef __GNUC__
        -:   55:#pragma GCC visibility pop
        -:   56:#endif
        -:   57:
        -:   58:#include "cJSON.h"
        -:   59:
        -:   60:/* define our own boolean type */
        -:   61:#define true ((cJSON_bool)1)
        -:   62:#define false ((cJSON_bool)0)
        -:   63:
        -:   64:typedef struct {
        -:   65:    const unsigned char *json;
        -:   66:    size_t position;
        -:   67:} error;
        -:   68:static error global_error = { NULL, 0 };
        -:   69:
function cJSON_GetErrorPtr called 0 returned 0% blocks executed 0%
    #####:   70:CJSON_PUBLIC(const char *) cJSON_GetErrorPtr(void)
        -:   71:{
    #####:   72:    return (const char*) (global_error.json + global_error.position);
        -:   73:}
        -:   74:
function cJSON_GetStringValue called 0 returned 0% blocks executed 0%
    #####:   75:CJSON_PUBLIC(char *) cJSON_GetStringValue(cJSON *item) {
    #####:   76:    if (!cJSON_IsString(item)) {
call    0 never executed
branch  1 never executed
branch  2 never executed
    #####:   77:        return NULL;
        -:   78:    }
        -:   79:
    #####:   80:    return item->valuestring;
        -:   81:}
        -:   82:
        -:   83:/* This is a safeguard to prevent copy-pasters from using incompatible C and header files */
        -:   84:#if (CJSON_VERSION_MAJOR != 1) || (CJSON_VERSION_MINOR != 7) || (CJSON_VERSION_PATCH != 8)
        -:   85:    #error cJSON.h and cJSON.c have different versions. Make sure that both have the same.
        -:   86:#endif
        -:   87:
function cJSON_Version called 0 returned 0% blocks executed 0%
    #####:   88:CJSON_PUBLIC(const char*) cJSON_Version(void)
        -:   89:{
        -:   90:    static char version[15];
    #####:   91:    sprintf(version, "%i.%i.%i", CJSON_VERSION_MAJOR, CJSON_VERSION_MINOR, CJSON_VERSION_PATCH);
        -:   92:
    #####:   93:    return version;
        -:   94:}
        -:   95:
        -:   96:/* Case insensitive string comparison, doesn't consider two NULL pointers equal though */
function case_insensitive_strcmp called 0 returned 0% blocks executed 0%
    #####:   97:static int case_insensitive_strcmp(const unsigned char *string1, const unsigned char *string2)
        -:   98:{
    #####:   99:    if ((string1 == NULL) || (string2 == NULL))
branch  0 never executed
branch  1 never executed
branch  2 never executed
branch  3 never executed
        -:  100:    {
    #####:  101:        return 1;
        -:  102:    }
        -:  103:
    #####:  104:    if (string1 == string2)
branch  0 never executed
branch  1 never executed
        -:  105:    {
    #####:  106:        return 0;
        -:  107:    }
        -:  108:
    #####:  109:    for(; tolower(*string1) == tolower(*string2); (void)string1++, string2++)
branch  0 never executed
branch  1 never executed
        -:  110:    {
    #####:  111:        if (*string1 == '\0')
branch  0 never executed
branch  1 never executed
        -:  112:        {
    #####:  113:            return 0;
        -:  114:        }
        -:  115:    }
        -:  116:
    #####:  117:    return tolower(*string1) - tolower(*string2);
        -:  118:}
        -:  119:
        -:  120:typedef struct internal_hooks
        -:  121:{
        -:  122:    void *(CJSON_CDECL *allocate)(size_t size);
        -:  123:    void (CJSON_CDECL *deallocate)(void *pointer);
        -:  124:    void *(CJSON_CDECL *reallocate)(void *pointer, size_t size);
        -:  125:} internal_hooks;
        -:  126:
        -:  127:#if defined(_MSC_VER)
        -:  128:/* work around MSVC error C2322: '...' address of dillimport '...' is not static */
        -:  129:static void * CJSON_CDECL internal_malloc(size_t size)
        -:  130:{
        -:  131:    return malloc(size);
        -:  132:}
        -:  133:static void CJSON_CDECL internal_free(void *pointer)
        -:  134:{
        -:  135:    free(pointer);
        -:  136:}
        -:  137:static void * CJSON_CDECL internal_realloc(void *pointer, size_t size)
        -:  138:{
        -:  139:    return realloc(pointer, size);
        -:  140:}
        -:  141:#else
        -:  142:#define internal_malloc malloc
        -:  143:#define internal_free free
        -:  144:#define internal_realloc realloc
        -:  145:#endif
        -:  146:
        -:  147:static internal_hooks global_hooks = { internal_malloc, internal_free, internal_realloc };
        -:  148:
function cJSON_strdup called 0 returned 0% blocks executed 0%
    #####:  149:static unsigned char* cJSON_strdup(const unsigned char* string, const internal_hooks * const hooks)
        -:  150:{
    #####:  151:    size_t length = 0;
    #####:  152:    unsigned char *copy = NULL;
        -:  153:
    #####:  154:    if (string == NULL)
branch  0 never executed
branch  1 never executed
        -:  155:    {
    #####:  156:        return NULL;
        -:  157:    }
        -:  158:
    #####:  159:    length = strlen((const char*)string) + sizeof("");
    #####:  160:    copy = (unsigned char*)hooks->allocate(length);
call    0 never executed
    #####:  161:    if (copy == NULL)
branch  0 never executed
branch  1 never executed
        -:  162:    {
    #####:  163:        return NULL;
        -:  164:    }
    #####:  165:    memcpy(copy, string, length);
        -:  166:
    #####:  167:    return copy;
        -:  168:}
        -:  169:
function cJSON_InitHooks called 0 returned 0% blocks executed 0%
    #####:  170:CJSON_PUBLIC(void) cJSON_InitHooks(cJSON_Hooks* hooks)
        -:  171:{
    #####:  172:    if (hooks == NULL)
branch  0 never executed
branch  1 never executed
        -:  173:    {
        -:  174:        /* Reset hooks */
    #####:  175:        global_hooks.allocate = malloc;
    #####:  176:        global_hooks.deallocate = free;
    #####:  177:        global_hooks.reallocate = realloc;
    #####:  178:        return;
        -:  179:    }
        -:  180:
    #####:  181:    global_hooks.allocate = malloc;
    #####:  182:    if (hooks->malloc_fn != NULL)
branch  0 never executed
branch  1 never executed
        -:  183:    {
    #####:  184:        global_hooks.allocate = hooks->malloc_fn;
        -:  185:    }
        -:  186:
    #####:  187:    global_hooks.deallocate = free;
    #####:  188:    if (hooks->free_fn != NULL)
branch  0 never executed
branch  1 never executed
        -:  189:    {
    #####:  190:        global_hooks.deallocate = hooks->free_fn;
        -:  191:    }
        -:  192:
        -:  193:    /* use realloc only if both free and malloc are used */
    #####:  194:    global_hooks.reallocate = NULL;
    #####:  195:    if ((global_hooks.allocate == malloc) && (global_hooks.deallocate == free))
branch  0 never executed
branch  1 never executed
branch  2 never executed
branch  3 never executed
        -:  196:    {
    #####:  197:        global_hooks.reallocate = realloc;
        -:  198:    }
        -:  199:}
        -:  200:
        -:  201:/* Internal constructor. */
function cJSON_New_Item called 26 returned 100% blocks executed 100%
       26:  202:static cJSON *cJSON_New_Item(const internal_hooks * const hooks)
        -:  203:{
       26:  204:    cJSON* node = (cJSON*)hooks->allocate(sizeof(cJSON));
call    0 returned 26
       26:  205:    if (node)
branch  0 taken 26 (fallthrough)
branch  1 taken 0
        -:  206:    {
       26:  207:        memset(node, '\0', sizeof(cJSON));
        -:  208:    }
        -:  209:
       26:  210:    return node;
        -:  211:}
        -:  212:
        -:  213:/* Delete a cJSON structure. */
function cJSON_Delete called 0 returned 0% blocks executed 0%
    #####:  214:CJSON_PUBLIC(void) cJSON_Delete(cJSON *item)
        -:  215:{
    #####:  216:    cJSON *next = NULL;
    #####:  217:    while (item != NULL)
branch  0 never executed
branch  1 never executed
        -:  218:    {
    #####:  219:        next = item->next;
    #####:  220:        if (!(item->type & cJSON_IsReference) && (item->child != NULL))
branch  0 never executed
branch  1 never executed
branch  2 never executed
branch  3 never executed
        -:  221:        {
    #####:  222:            cJSON_Delete(item->child);
call    0 never executed
        -:  223:        }
    #####:  224:        if (!(item->type & cJSON_IsReference) && (item->valuestring != NULL))
branch  0 never executed
branch  1 never executed
branch  2 never executed
branch  3 never executed
        -:  225:        {
    #####:  226:            global_hooks.deallocate(item->valuestring);
call    0 never executed
        -:  227:        }
    #####:  228:        if (!(item->type & cJSON_StringIsConst) && (item->string != NULL))
branch  0 never executed
branch  1 never executed
branch  2 never executed
branch  3 never executed
        -:  229:        {
    #####:  230:            global_hooks.deallocate(item->string);
call    0 never executed
        -:  231:        }
    #####:  232:        global_hooks.deallocate(item);
call    0 never executed
    #####:  233:        item = next;
        -:  234:    }
    #####:  235:}
        -:  236:
        -:  237:/* get the decimal point character of the current locale */
function get_decimal_point called 9 returned 100% blocks executed 100%
        9:  238:static unsigned char get_decimal_point(void)
        -:  239:{
        -:  240:#ifdef ENABLE_LOCALES
        -:  241:    struct lconv *lconv = localeconv();
        -:  242:    return (unsigned char) lconv->decimal_point[0];
        -:  243:#else
        9:  244:    return '.';
        -:  245:#endif
        -:  246:}
        -:  247:
        -:  248:typedef struct
        -:  249:{
        -:  250:    const unsigned char *content;
        -:  251:    size_t length;
        -:  252:    size_t offset;
        -:  253:    size_t depth; /* How deeply nested (in arrays/objects) is the input at the current offset. */
        -:  254:    internal_hooks hooks;
        -:  255:} parse_buffer;
        -:  256:
        -:  257:/* check if the given size is left to read in a given parse buffer (starting with 1) */
        -:  258:#define can_read(buffer, size) ((buffer != NULL) && (((buffer)->offset + size) <= (buffer)->length))
        -:  259:/* check if the buffer can be accessed at the given index (starting with 0) */
        -:  260:#define can_access_at_index(buffer, index) ((buffer != NULL) && (((buffer)->offset + index) < (buffer)->length))
        -:  261:#define cannot_access_at_index(buffer, index) (!can_access_at_index(buffer, index))
        -:  262:/* get a pointer to the buffer at the position */
        -:  263:#define buffer_at_offset(buffer) ((buffer)->content + (buffer)->offset)
        -:  264:
        -:  265:/* Parse the input text to generate a number, and populate the result into item. */
function parse_number called 9 returned 100% blocks executed 92%
        9:  266:static cJSON_bool parse_number(cJSON * const item, parse_buffer * const input_buffer)
        -:  267:{
        9:  268:    double number = 0;
        9:  269:    unsigned char *after_end = NULL;
        -:  270:    unsigned char number_c_string[64];
        9:  271:    unsigned char decimal_point = get_decimal_point();
call    0 returned 9
        9:  272:    size_t i = 0;
        -:  273:
        9:  274:    if ((input_buffer == NULL) || (input_buffer->content == NULL))
branch  0 taken 9 (fallthrough)
branch  1 taken 0
branch  2 taken 0 (fallthrough)
branch  3 taken 9
        -:  275:    {
    #####:  276:        return false;
        -:  277:    }
        -:  278:
        -:  279:    /* copy the number into a temporary buffer and replace '.' with the decimal point
        -:  280:     * of the current locale (for strtod)
        -:  281:     * This also takes care of '\0' not necessarily being available for marking the end of the input */
       47:  282:    for (i = 0; (i < (sizeof(number_c_string) - 1)) && can_access_at_index(input_buffer, i); i++)
branch  0 taken 47 (fallthrough)
branch  1 taken 0
branch  2 taken 47 (fallthrough)
branch  3 taken 0
branch  4 taken 47
branch  5 taken 0 (fallthrough)
        -:  283:    {
       47:  284:        switch (buffer_at_offset(input_buffer)[i])
branch  0 taken 33
branch  1 taken 5
branch  2 taken 9
        -:  285:        {
        -:  286:            case '0':
        -:  287:            case '1':
        -:  288:            case '2':
        -:  289:            case '3':
        -:  290:            case '4':
        -:  291:            case '5':
        -:  292:            case '6':
        -:  293:            case '7':
        -:  294:            case '8':
        -:  295:            case '9':
        -:  296:            case '+':
        -:  297:            case '-':
        -:  298:            case 'e':
        -:  299:            case 'E':
       33:  300:                number_c_string[i] = buffer_at_offset(input_buffer)[i];
       33:  301:                break;
        -:  302:
        -:  303:            case '.':
        5:  304:                number_c_string[i] = decimal_point;
        5:  305:                break;
        -:  306:
        -:  307:            default:
        9:  308:                goto loop_end;
        -:  309:        }
        -:  310:    }
        -:  311:loop_end:
        9:  312:    number_c_string[i] = '\0';
        -:  313:
        9:  314:    number = strtod((const char*)number_c_string, (char**)&after_end);
call    0 returned 9
        9:  315:    if (number_c_string == after_end)
branch  0 taken 0 (fallthrough)
branch  1 taken 9
        -:  316:    {
    #####:  317:        return false; /* parse_error */
        -:  318:    }
        -:  319:
        9:  320:    item->valuedouble = number;
        -:  321:
        -:  322:    /* use saturation in case of overflow */
        9:  323:    if (number >= INT_MAX)
branch  0 taken 1 (fallthrough)
branch  1 taken 8
        -:  324:    {
        1:  325:        item->valueint = INT_MAX;
        -:  326:    }
        8:  327:    else if (number <= (double)INT_MIN)
branch  0 taken 1 (fallthrough)
branch  1 taken 7
        -:  328:    {
        1:  329:        item->valueint = INT_MIN;
        -:  330:    }
        -:  331:    else
        -:  332:    {
        7:  333:        item->valueint = (int)number;
        -:  334:    }
        -:  335:
        9:  336:    item->type = cJSON_Number;
        -:  337:
        9:  338:    input_buffer->offset += (size_t)(after_end - number_c_string);
        9:  339:    return true;
        -:  340:}
        -:  341:
        -:  342:/* don't ask me, but the original cJSON_SetNumberValue returns an integer or double */
function cJSON_SetNumberHelper called 0 returned 0% blocks executed 0%
    #####:  343:CJSON_PUBLIC(double) cJSON_SetNumberHelper(cJSON *object, double number)
        -:  344:{
    #####:  345:    if (number >= INT_MAX)
branch  0 never executed
branch  1 never executed
        -:  346:    {
    #####:  347:        object->valueint = INT_MAX;
        -:  348:    }
    #####:  349:    else if (number <= (double)INT_MIN)
branch  0 never executed
branch  1 never executed
        -:  350:    {
    #####:  351:        object->valueint = INT_MIN;
        -:  352:    }
        -:  353:    else
        -:  354:    {
    #####:  355:        object->valueint = (int)number;
        -:  356:    }
        -:  357:
    #####:  358:    return object->valuedouble = number;
        -:  359:}
        -:  360:
        -:  361:typedef struct
        -:  362:{
        -:  363:    unsigned char *buffer;
        -:  364:    size_t length;
        -:  365:    size_t offset;
        -:  366:    size_t depth; /* current nesting depth (for formatted printing) */
        -:  367:    cJSON_bool noalloc;
        -:  368:    cJSON_bool format; /* is this print a formatted print */
        -:  369:    internal_hooks hooks;
        -:  370:} printbuffer;
        -:  371:
        -:  372:/* realloc printbuffer if necessary to have at least "needed" bytes more */
function ensure called 0 returned 0% blocks executed 0%
    #####:  373:static unsigned char* ensure(printbuffer * const p, size_t needed)
        -:  374:{
    #####:  375:    unsigned char *newbuffer = NULL;
    #####:  376:    size_t newsize = 0;
        -:  377:
    #####:  378:    if ((p == NULL) || (p->buffer == NULL))
branch  0 never executed
branch  1 never executed
branch  2 never executed
branch  3 never executed
        -:  379:    {
    #####:  380:        return NULL;
        -:  381:    }
        -:  382:
    #####:  383:    if ((p->length > 0) && (p->offset >= p->length))
branch  0 never executed
branch  1 never executed
branch  2 never executed
branch  3 never executed
        -:  384:    {
        -:  385:        /* make sure that offset is valid */
    #####:  386:        return NULL;
        -:  387:    }
        -:  388:
    #####:  389:    if (needed > INT_MAX)
branch  0 never executed
branch  1 never executed
        -:  390:    {
        -:  391:        /* sizes bigger than INT_MAX are currently not supported */
    #####:  392:        return NULL;
        -:  393:    }
        -:  394:
    #####:  395:    needed += p->offset + 1;
    #####:  396:    if (needed <= p->length)
branch  0 never executed
branch  1 never executed
        -:  397:    {
    #####:  398:        return p->buffer + p->offset;
        -:  399:    }
        -:  400:
    #####:  401:    if (p->noalloc) {
branch  0 never executed
branch  1 never executed
    #####:  402:        return NULL;
        -:  403:    }
        -:  404:
        -:  405:    /* calculate new buffer size */
    #####:  406:    if (needed > (INT_MAX / 2))
branch  0 never executed
branch  1 never executed
        -:  407:    {
        -:  408:        /* overflow of int, use INT_MAX if possible */
    #####:  409:        if (needed <= INT_MAX)
branch  0 never executed
branch  1 never executed
        -:  410:        {
    #####:  411:            newsize = INT_MAX;
        -:  412:        }
        -:  413:        else
        -:  414:        {
    #####:  415:            return NULL;
        -:  416:        }
        -:  417:    }
        -:  418:    else
        -:  419:    {
    #####:  420:        newsize = needed * 2;
        -:  421:    }
        -:  422:
    #####:  423:    if (p->hooks.reallocate != NULL)
branch  0 never executed
branch  1 never executed
        -:  424:    {
        -:  425:        /* reallocate with realloc if available */
    #####:  426:        newbuffer = (unsigned char*)p->hooks.reallocate(p->buffer, newsize);
call    0 never executed
    #####:  427:        if (newbuffer == NULL)
branch  0 never executed
branch  1 never executed
        -:  428:        {
    #####:  429:            p->hooks.deallocate(p->buffer);
call    0 never executed
    #####:  430:            p->length = 0;
    #####:  431:            p->buffer = NULL;
        -:  432:
    #####:  433:            return NULL;
        -:  434:        }
        -:  435:    }
        -:  436:    else
        -:  437:    {
        -:  438:        /* otherwise reallocate manually */
    #####:  439:        newbuffer = (unsigned char*)p->hooks.allocate(newsize);
call    0 never executed
    #####:  440:        if (!newbuffer)
branch  0 never executed
branch  1 never executed
        -:  441:        {
    #####:  442:            p->hooks.deallocate(p->buffer);
call    0 never executed
    #####:  443:            p->length = 0;
    #####:  444:            p->buffer = NULL;
        -:  445:
    #####:  446:            return NULL;
        -:  447:        }
    #####:  448:        if (newbuffer)
branch  0 never executed
branch  1 never executed
        -:  449:        {
    #####:  450:            memcpy(newbuffer, p->buffer, p->offset + 1);
        -:  451:        }
    #####:  452:        p->hooks.deallocate(p->buffer);
call    0 never executed
        -:  453:    }
    #####:  454:    p->length = newsize;
    #####:  455:    p->buffer = newbuffer;
        -:  456:
    #####:  457:    return newbuffer + p->offset;
        -:  458:}
        -:  459:
        -:  460:/* calculate the new length of the string in a printbuffer and update the offset */
function update_offset called 0 returned 0% blocks executed 0%
    #####:  461:static void update_offset(printbuffer * const buffer)
        -:  462:{
    #####:  463:    const unsigned char *buffer_pointer = NULL;
    #####:  464:    if ((buffer == NULL) || (buffer->buffer == NULL))
branch  0 never executed
branch  1 never executed
branch  2 never executed
branch  3 never executed
        -:  465:    {
    #####:  466:        return;
        -:  467:    }
    #####:  468:    buffer_pointer = buffer->buffer + buffer->offset;
        -:  469:
    #####:  470:    buffer->offset += strlen((const char*)buffer_pointer);
        -:  471:}
        -:  472:
        -:  473:/* Render the number nicely from the given item into a string. */
function print_number called 0 returned 0% blocks executed 0%
    #####:  474:static cJSON_bool print_number(const cJSON * const item, printbuffer * const output_buffer)
        -:  475:{
    #####:  476:    unsigned char *output_pointer = NULL;
    #####:  477:    double d = item->valuedouble;
    #####:  478:    int length = 0;
    #####:  479:    size_t i = 0;
        -:  480:    unsigned char number_buffer[26]; /* temporary buffer to print the number into */
    #####:  481:    unsigned char decimal_point = get_decimal_point();
call    0 never executed
        -:  482:    double test;
        -:  483:
    #####:  484:    if (output_buffer == NULL)
branch  0 never executed
branch  1 never executed
        -:  485:    {
    #####:  486:        return false;
        -:  487:    }
        -:  488:
        -:  489:    /* This checks for NaN and Infinity */
    #####:  490:    if ((d * 0) != 0)
branch  0 never executed
branch  1 never executed
        -:  491:    {
    #####:  492:        length = sprintf((char*)number_buffer, "null");
        -:  493:    }
        -:  494:    else
        -:  495:    {
        -:  496:        /* Try 15 decimal places of precision to avoid nonsignificant nonzero digits */
    #####:  497:        length = sprintf((char*)number_buffer, "%1.15g", d);
        -:  498:
        -:  499:        /* Check whether the original double can be recovered */
    #####:  500:        if ((sscanf((char*)number_buffer, "%lg", &test) != 1) || ((double)test != d))
branch  0 never executed
branch  1 never executed
branch  2 never executed
branch  3 never executed
        -:  501:        {
        -:  502:            /* If not, print with 17 decimal places of precision */
    #####:  503:            length = sprintf((char*)number_buffer, "%1.17g", d);
        -:  504:        }
        -:  505:    }
        -:  506:
        -:  507:    /* sprintf failed or buffer overrun occured */
    #####:  508:    if ((length < 0) || (length > (int)(sizeof(number_buffer) - 1)))
branch  0 never executed
branch  1 never executed
branch  2 never executed
branch  3 never executed
        -:  509:    {
    #####:  510:        return false;
        -:  511:    }
        -:  512:
        -:  513:    /* reserve appropriate space in the output */
    #####:  514:    output_pointer = ensure(output_buffer, (size_t)length + sizeof(""));
call    0 never executed
    #####:  515:    if (output_pointer == NULL)
branch  0 never executed
branch  1 never executed
        -:  516:    {
    #####:  517:        return false;
        -:  518:    }
        -:  519:
        -:  520:    /* copy the printed number to the output and replace locale
        -:  521:     * dependent decimal point with '.' */
    #####:  522:    for (i = 0; i < ((size_t)length); i++)
branch  0 never executed
branch  1 never executed
        -:  523:    {
    #####:  524:        if (number_buffer[i] == decimal_point)
branch  0 never executed
branch  1 never executed
        -:  525:        {
    #####:  526:            output_pointer[i] = '.';
    #####:  527:            continue;
        -:  528:        }
        -:  529:
    #####:  530:        output_pointer[i] = number_buffer[i];
        -:  531:    }
    #####:  532:    output_pointer[i] = '\0';
        -:  533:
    #####:  534:    output_buffer->offset += (size_t)length;
        -:  535:
    #####:  536:    return true;
        -:  537:}
        -:  538:
        -:  539:/* parse 4 digit hexadecimal number */
function parse_hex4 called 0 returned 0% blocks executed 0%
    #####:  540:static unsigned parse_hex4(const unsigned char * const input)
        -:  541:{
    #####:  542:    unsigned int h = 0;
    #####:  543:    size_t i = 0;
        -:  544:
    #####:  545:    for (i = 0; i < 4; i++)
branch  0 never executed
branch  1 never executed
        -:  546:    {
        -:  547:        /* parse digit */
    #####:  548:        if ((input[i] >= '0') && (input[i] <= '9'))
branch  0 never executed
branch  1 never executed
branch  2 never executed
branch  3 never executed
        -:  549:        {
    #####:  550:            h += (unsigned int) input[i] - '0';
        -:  551:        }
    #####:  552:        else if ((input[i] >= 'A') && (input[i] <= 'F'))
branch  0 never executed
branch  1 never executed
branch  2 never executed
branch  3 never executed
        -:  553:        {
    #####:  554:            h += (unsigned int) 10 + input[i] - 'A';
        -:  555:        }
    #####:  556:        else if ((input[i] >= 'a') && (input[i] <= 'f'))
branch  0 never executed
branch  1 never executed
branch  2 never executed
branch  3 never executed
        -:  557:        {
    #####:  558:            h += (unsigned int) 10 + input[i] - 'a';
        -:  559:        }
        -:  560:        else /* invalid */
        -:  561:        {
    #####:  562:            return 0;
        -:  563:        }
        -:  564:
    #####:  565:        if (i < 3)
branch  0 never executed
branch  1 never executed
        -:  566:        {
        -:  567:            /* shift left to make place for the next nibble */
    #####:  568:            h = h << 4;
        -:  569:        }
        -:  570:    }
        -:  571:
    #####:  572:    return h;
        -:  573:}
        -:  574:
        -:  575:/* converts a UTF-16 literal to UTF-8
        -:  576: * A literal can be one or two sequences of the form \uXXXX */
function utf16_literal_to_utf8 called 0 returned 0% blocks executed 0%
    #####:  577:static unsigned char utf16_literal_to_utf8(const unsigned char * const input_pointer, const unsigned char * const input_end, unsigned char **output_pointer)
        -:  578:{
    #####:  579:    long unsigned int codepoint = 0;
    #####:  580:    unsigned int first_code = 0;
    #####:  581:    const unsigned char *first_sequence = input_pointer;
    #####:  582:    unsigned char utf8_length = 0;
    #####:  583:    unsigned char utf8_position = 0;
    #####:  584:    unsigned char sequence_length = 0;
    #####:  585:    unsigned char first_byte_mark = 0;
        -:  586:
    #####:  587:    if ((input_end - first_sequence) < 6)
branch  0 never executed
branch  1 never executed
        -:  588:    {
        -:  589:        /* input ends unexpectedly */
    #####:  590:        goto fail;
        -:  591:    }
        -:  592:
        -:  593:    /* get the first utf16 sequence */
    #####:  594:    first_code = parse_hex4(first_sequence + 2);
call    0 never executed
        -:  595:
        -:  596:    /* check that the code is valid */
    #####:  597:    if (((first_code >= 0xDC00) && (first_code <= 0xDFFF)))
branch  0 never executed
branch  1 never executed
branch  2 never executed
branch  3 never executed
        -:  598:    {
    #####:  599:        goto fail;
        -:  600:    }
        -:  601:
        -:  602:    /* UTF16 surrogate pair */
    #####:  603:    if ((first_code >= 0xD800) && (first_code <= 0xDBFF))
branch  0 never executed
branch  1 never executed
branch  2 never executed
branch  3 never executed
    #####:  604:    {
    #####:  605:        const unsigned char *second_sequence = first_sequence + 6;
    #####:  606:        unsigned int second_code = 0;
    #####:  607:        sequence_length = 12; /* \uXXXX\uXXXX */
        -:  608:
    #####:  609:        if ((input_end - second_sequence) < 6)
branch  0 never executed
branch  1 never executed
        -:  610:        {
        -:  611:            /* input ends unexpectedly */
    #####:  612:            goto fail;
        -:  613:        }
        -:  614:
    #####:  615:        if ((second_sequence[0] != '\\') || (second_sequence[1] != 'u'))
branch  0 never executed
branch  1 never executed
branch  2 never executed
branch  3 never executed
        -:  616:        {
        -:  617:            /* missing second half of the surrogate pair */
        -:  618:            goto fail;
        -:  619:        }
        -:  620:
        -:  621:        /* get the second utf16 sequence */
    #####:  622:        second_code = parse_hex4(second_sequence + 2);
call    0 never executed
        -:  623:        /* check that the code is valid */
    #####:  624:        if ((second_code < 0xDC00) || (second_code > 0xDFFF))
branch  0 never executed
branch  1 never executed
branch  2 never executed
branch  3 never executed
        -:  625:        {
        -:  626:            /* invalid second half of the surrogate pair */
        -:  627:            goto fail;
        -:  628:        }
        -:  629:
        -:  630:
        -:  631:        /* calculate the unicode codepoint from the surrogate pair */
    #####:  632:        codepoint = 0x10000 + (((first_code & 0x3FF) << 10) | (second_code & 0x3FF));
        -:  633:    }
        -:  634:    else
        -:  635:    {
    #####:  636:        sequence_length = 6; /* \uXXXX */
    #####:  637:        codepoint = first_code;
        -:  638:    }
        -:  639:
        -:  640:    /* encode as UTF-8
        -:  641:     * takes at maximum 4 bytes to encode:
        -:  642:     * 11110xxx 10xxxxxx 10xxxxxx 10xxxxxx */
    #####:  643:    if (codepoint < 0x80)
branch  0 never executed
branch  1 never executed
        -:  644:    {
        -:  645:        /* normal ascii, encoding 0xxxxxxx */
    #####:  646:        utf8_length = 1;
        -:  647:    }
    #####:  648:    else if (codepoint < 0x800)
branch  0 never executed
branch  1 never executed
        -:  649:    {
        -:  650:        /* two bytes, encoding 110xxxxx 10xxxxxx */
    #####:  651:        utf8_length = 2;
    #####:  652:        first_byte_mark = 0xC0; /* 11000000 */
        -:  653:    }
    #####:  654:    else if (codepoint < 0x10000)
branch  0 never executed
branch  1 never executed
        -:  655:    {
        -:  656:        /* three bytes, encoding 1110xxxx 10xxxxxx 10xxxxxx */
    #####:  657:        utf8_length = 3;
    #####:  658:        first_byte_mark = 0xE0; /* 11100000 */
        -:  659:    }
    #####:  660:    else if (codepoint <= 0x10FFFF)
branch  0 never executed
branch  1 never executed
        -:  661:    {
        -:  662:        /* four bytes, encoding 1110xxxx 10xxxxxx 10xxxxxx 10xxxxxx */
    #####:  663:        utf8_length = 4;
    #####:  664:        first_byte_mark = 0xF0; /* 11110000 */
        -:  665:    }
        -:  666:    else
        -:  667:    {
        -:  668:        /* invalid unicode codepoint */
    #####:  669:        goto fail;
        -:  670:    }
        -:  671:
        -:  672:    /* encode as utf8 */
    #####:  673:    for (utf8_position = (unsigned char)(utf8_length - 1); utf8_position > 0; utf8_position--)
branch  0 never executed
branch  1 never executed
        -:  674:    {
        -:  675:        /* 10xxxxxx */
    #####:  676:        (*output_pointer)[utf8_position] = (unsigned char)((codepoint | 0x80) & 0xBF);
    #####:  677:        codepoint >>= 6;
        -:  678:    }
        -:  679:    /* encode first byte */
    #####:  680:    if (utf8_length > 1)
branch  0 never executed
branch  1 never executed
        -:  681:    {
    #####:  682:        (*output_pointer)[0] = (unsigned char)((codepoint | first_byte_mark) & 0xFF);
        -:  683:    }
        -:  684:    else
        -:  685:    {
    #####:  686:        (*output_pointer)[0] = (unsigned char)(codepoint & 0x7F);
        -:  687:    }
        -:  688:
    #####:  689:    *output_pointer += utf8_length;
        -:  690:
    #####:  691:    return sequence_length;
        -:  692:
        -:  693:fail:
    #####:  694:    return 0;
        -:  695:}
        -:  696:
        -:  697:/* Parse the input text into an unescaped cinput, and populate item. */
function parse_string called 4 returned 100% blocks executed 40%
        4:  698:static cJSON_bool parse_string(cJSON * const item, parse_buffer * const input_buffer)
        -:  699:{
        4:  700:    const unsigned char *input_pointer = buffer_at_offset(input_buffer) + 1;
        4:  701:    const unsigned char *input_end = buffer_at_offset(input_buffer) + 1;
        4:  702:    unsigned char *output_pointer = NULL;
        4:  703:    unsigned char *output = NULL;
        -:  704:
        -:  705:    /* not a string */
        4:  706:    if (buffer_at_offset(input_buffer)[0] != '\"')
branch  0 taken 0 (fallthrough)
branch  1 taken 4
        -:  707:    {
    #####:  708:        goto fail;
        -:  709:    }
        -:  710:
        -:  711:    {
        -:  712:        /* calculate approximate size of the output (overestimate) */
        4:  713:        size_t allocation_length = 0;
        4:  714:        size_t skipped_bytes = 0;
        9:  715:        while (((size_t)(input_end - input_buffer->content) < input_buffer->length) && (*input_end != '\"'))
branch  0 taken 5 (fallthrough)
branch  1 taken 0
branch  2 taken 1
branch  3 taken 4 (fallthrough)
        -:  716:        {
        -:  717:            /* is escape sequence */
        1:  718:            if (input_end[0] == '\\')
branch  0 taken 0 (fallthrough)
branch  1 taken 1
        -:  719:            {
    #####:  720:                if ((size_t)(input_end + 1 - input_buffer->content) >= input_buffer->length)
branch  0 never executed
branch  1 never executed
        -:  721:                {
        -:  722:                    /* prevent buffer overflow when last input character is a backslash */
    #####:  723:                    goto fail;
        -:  724:                }
    #####:  725:                skipped_bytes++;
    #####:  726:                input_end++;
        -:  727:            }
        1:  728:            input_end++;
        -:  729:        }
        4:  730:        if (((size_t)(input_end - input_buffer->content) >= input_buffer->length) || (*input_end != '\"'))
branch  0 taken 4 (fallthrough)
branch  1 taken 0
branch  2 taken 4 (fallthrough)
branch  3 taken 0
        -:  731:        {
        -:  732:            goto fail; /* string ended unexpectedly */
        -:  733:        }
        -:  734:
        -:  735:        /* This is at most how much we need for the output */
        4:  736:        allocation_length = (size_t) (input_end - buffer_at_offset(input_buffer)) - skipped_bytes;
        4:  737:        output = (unsigned char*)input_buffer->hooks.allocate(allocation_length + sizeof(""));
call    0 returned 4
        4:  738:        if (output == NULL)
branch  0 taken 0 (fallthrough)
branch  1 taken 4
        -:  739:        {
    #####:  740:            goto fail; /* allocation failure */
        -:  741:        }
        -:  742:    }
        -:  743:
        4:  744:    output_pointer = output;
        -:  745:    /* loop through the string literal */
        9:  746:    while (input_pointer < input_end)
branch  0 taken 1
branch  1 taken 4 (fallthrough)
        -:  747:    {
        1:  748:        if (*input_pointer != '\\')
branch  0 taken 1 (fallthrough)
branch  1 taken 0
        -:  749:        {
        1:  750:            *output_pointer++ = *input_pointer++;
        -:  751:        }
        -:  752:        /* escape sequence */
        -:  753:        else
        -:  754:        {
    #####:  755:            unsigned char sequence_length = 2;
    #####:  756:            if ((input_end - input_pointer) < 1)
branch  0 never executed
branch  1 never executed
        -:  757:            {
    #####:  758:                goto fail;
        -:  759:            }
        -:  760:
    #####:  761:            switch (input_pointer[1])
branch  0 never executed
branch  1 never executed
branch  2 never executed
branch  3 never executed
branch  4 never executed
branch  5 never executed
branch  6 never executed
branch  7 never executed
        -:  762:            {
        -:  763:                case 'b':
    #####:  764:                    *output_pointer++ = '\b';
    #####:  765:                    break;
        -:  766:                case 'f':
    #####:  767:                    *output_pointer++ = '\f';
    #####:  768:                    break;
        -:  769:                case 'n':
    #####:  770:                    *output_pointer++ = '\n';
    #####:  771:                    break;
        -:  772:                case 'r':
    #####:  773:                    *output_pointer++ = '\r';
    #####:  774:                    break;
        -:  775:                case 't':
    #####:  776:                    *output_pointer++ = '\t';
    #####:  777:                    break;
        -:  778:                case '\"':
        -:  779:                case '\\':
        -:  780:                case '/':
    #####:  781:                    *output_pointer++ = input_pointer[1];
    #####:  782:                    break;
        -:  783:
        -:  784:                /* UTF-16 literal */
        -:  785:                case 'u':
    #####:  786:                    sequence_length = utf16_literal_to_utf8(input_pointer, input_end, &output_pointer);
call    0 never executed
    #####:  787:                    if (sequence_length == 0)
branch  0 never executed
branch  1 never executed
        -:  788:                    {
        -:  789:                        /* failed to convert UTF16-literal to UTF-8 */
    #####:  790:                        goto fail;
        -:  791:                    }
    #####:  792:                    break;
        -:  793:
        -:  794:                default:
    #####:  795:                    goto fail;
        -:  796:            }
    #####:  797:            input_pointer += sequence_length;
        -:  798:        }
        -:  799:    }
        -:  800:
        -:  801:    /* zero terminate the output */
        4:  802:    *output_pointer = '\0';
        -:  803:
        4:  804:    item->type = cJSON_String;
        4:  805:    item->valuestring = (char*)output;
        -:  806:
        4:  807:    input_buffer->offset = (size_t) (input_end - input_buffer->content);
        4:  808:    input_buffer->offset++;
        -:  809:
        4:  810:    return true;
        -:  811:
        -:  812:fail:
    #####:  813:    if (output != NULL)
branch  0 never executed
branch  1 never executed
        -:  814:    {
    #####:  815:        input_buffer->hooks.deallocate(output);
call    0 never executed
        -:  816:    }
        -:  817:
    #####:  818:    if (input_pointer != NULL)
branch  0 never executed
branch  1 never executed
        -:  819:    {
    #####:  820:        input_buffer->offset = (size_t)(input_pointer - input_buffer->content);
        -:  821:    }
        -:  822:
    #####:  823:    return false;
        -:  824:}
        -:  825:
        -:  826:/* Render the cstring provided to an escaped version that can be printed. */
function print_string_ptr called 0 returned 0% blocks executed 0%
    #####:  827:static cJSON_bool print_string_ptr(const unsigned char * const input, printbuffer * const output_buffer)
        -:  828:{
    #####:  829:    const unsigned char *input_pointer = NULL;
    #####:  830:    unsigned char *output = NULL;
    #####:  831:    unsigned char *output_pointer = NULL;
    #####:  832:    size_t output_length = 0;
        -:  833:    /* numbers of additional characters needed for escaping */
    #####:  834:    size_t escape_characters = 0;
        -:  835:
    #####:  836:    if (output_buffer == NULL)
branch  0 never executed
branch  1 never executed
        -:  837:    {
    #####:  838:        return false;
        -:  839:    }
        -:  840:
        -:  841:    /* empty string */
    #####:  842:    if (input == NULL)
branch  0 never executed
branch  1 never executed
        -:  843:    {
    #####:  844:        output = ensure(output_buffer, sizeof("\"\""));
call    0 never executed
    #####:  845:        if (output == NULL)
branch  0 never executed
branch  1 never executed
        -:  846:        {
    #####:  847:            return false;
        -:  848:        }
    #####:  849:        strcpy((char*)output, "\"\"");
        -:  850:
    #####:  851:        return true;
        -:  852:    }
        -:  853:
        -:  854:    /* set "flag" to 1 if something needs to be escaped */
    #####:  855:    for (input_pointer = input; *input_pointer; input_pointer++)
branch  0 never executed
branch  1 never executed
        -:  856:    {
    #####:  857:        switch (*input_pointer)
branch  0 never executed
branch  1 never executed
        -:  858:        {
        -:  859:            case '\"':
        -:  860:            case '\\':
        -:  861:            case '\b':
        -:  862:            case '\f':
        -:  863:            case '\n':
        -:  864:            case '\r':
        -:  865:            case '\t':
        -:  866:                /* one character escape sequence */
    #####:  867:                escape_characters++;
    #####:  868:                break;
        -:  869:            default:
    #####:  870:                if (*input_pointer < 32)
branch  0 never executed
branch  1 never executed
        -:  871:                {
        -:  872:                    /* UTF-16 escape sequence uXXXX */
    #####:  873:                    escape_characters += 5;
        -:  874:                }
    #####:  875:                break;
        -:  876:        }
        -:  877:    }
    #####:  878:    output_length = (size_t)(input_pointer - input) + escape_characters;
        -:  879:
    #####:  880:    output = ensure(output_buffer, output_length + sizeof("\"\""));
call    0 never executed
    #####:  881:    if (output == NULL)
branch  0 never executed
branch  1 never executed
        -:  882:    {
    #####:  883:        return false;
        -:  884:    }
        -:  885:
        -:  886:    /* no characters have to be escaped */
    #####:  887:    if (escape_characters == 0)
branch  0 never executed
branch  1 never executed
        -:  888:    {
    #####:  889:        output[0] = '\"';
    #####:  890:        memcpy(output + 1, input, output_length);
    #####:  891:        output[output_length + 1] = '\"';
    #####:  892:        output[output_length + 2] = '\0';
        -:  893:
    #####:  894:        return true;
        -:  895:    }
        -:  896:
    #####:  897:    output[0] = '\"';
    #####:  898:    output_pointer = output + 1;
        -:  899:    /* copy the string */
    #####:  900:    for (input_pointer = input; *input_pointer != '\0'; (void)input_pointer++, output_pointer++)
branch  0 never executed
branch  1 never executed
        -:  901:    {
    #####:  902:        if ((*input_pointer > 31) && (*input_pointer != '\"') && (*input_pointer != '\\'))
branch  0 never executed
branch  1 never executed
branch  2 never executed
branch  3 never executed
branch  4 never executed
branch  5 never executed
        -:  903:        {
        -:  904:            /* normal character, copy */
    #####:  905:            *output_pointer = *input_pointer;
        -:  906:        }
        -:  907:        else
        -:  908:        {
        -:  909:            /* character needs to be escaped */
    #####:  910:            *output_pointer++ = '\\';
    #####:  911:            switch (*input_pointer)
branch  0 never executed
branch  1 never executed
branch  2 never executed
branch  3 never executed
branch  4 never executed
branch  5 never executed
branch  6 never executed
branch  7 never executed
        -:  912:            {
        -:  913:                case '\\':
    #####:  914:                    *output_pointer = '\\';
    #####:  915:                    break;
        -:  916:                case '\"':
    #####:  917:                    *output_pointer = '\"';
    #####:  918:                    break;
        -:  919:                case '\b':
    #####:  920:                    *output_pointer = 'b';
    #####:  921:                    break;
        -:  922:                case '\f':
    #####:  923:                    *output_pointer = 'f';
    #####:  924:                    break;
        -:  925:                case '\n':
    #####:  926:                    *output_pointer = 'n';
    #####:  927:                    break;
        -:  928:                case '\r':
    #####:  929:                    *output_pointer = 'r';
    #####:  930:                    break;
        -:  931:                case '\t':
    #####:  932:                    *output_pointer = 't';
    #####:  933:                    break;
        -:  934:                default:
        -:  935:                    /* escape and print as unicode codepoint */
    #####:  936:                    sprintf((char*)output_pointer, "u%04x", *input_pointer);
    #####:  937:                    output_pointer += 4;
    #####:  938:                    break;
        -:  939:            }
        -:  940:        }
        -:  941:    }
    #####:  942:    output[output_length + 1] = '\"';
    #####:  943:    output[output_length + 2] = '\0';
        -:  944:
    #####:  945:    return true;
        -:  946:}
        -:  947:
        -:  948:/* Invoke print_string_ptr (which is useful) on an item. */
function print_string called 0 returned 0% blocks executed 0%
    #####:  949:static cJSON_bool print_string(const cJSON * const item, printbuffer * const p)
        -:  950:{
    #####:  951:    return print_string_ptr((unsigned char*)item->valuestring, p);
call    0 never executed
        -:  952:}
        -:  953:
        -:  954:/* Predeclare these prototypes. */
        -:  955:static cJSON_bool parse_value(cJSON * const item, parse_buffer * const input_buffer);
        -:  956:static cJSON_bool print_value(const cJSON * const item, printbuffer * const output_buffer);
        -:  957:static cJSON_bool parse_array(cJSON * const item, parse_buffer * const input_buffer);
        -:  958:static cJSON_bool print_array(const cJSON * const item, printbuffer * const output_buffer);
        -:  959:static cJSON_bool parse_object(cJSON * const item, parse_buffer * const input_buffer);
        -:  960:static cJSON_bool print_object(const cJSON * const item, printbuffer * const output_buffer);
        -:  961:
        -:  962:/* Utility to jump whitespace and cr/lf */
function buffer_skip_whitespace called 53 returned 100% blocks executed 83%
       53:  963:static parse_buffer *buffer_skip_whitespace(parse_buffer * const buffer)
        -:  964:{
       53:  965:    if ((buffer == NULL) || (buffer->content == NULL))
branch  0 taken 53 (fallthrough)
branch  1 taken 0
branch  2 taken 0 (fallthrough)
branch  3 taken 53
        -:  966:    {
    #####:  967:        return NULL;
        -:  968:    }
        -:  969:
      108:  970:    while (can_access_at_index(buffer, 0) && (buffer_at_offset(buffer)[0] <= 32))
branch  0 taken 55 (fallthrough)
branch  1 taken 0
branch  2 taken 55 (fallthrough)
branch  3 taken 0
branch  4 taken 2
branch  5 taken 53 (fallthrough)
        -:  971:    {
        2:  972:       buffer->offset++;
        -:  973:    }
        -:  974:
       53:  975:    if (buffer->offset == buffer->length)
branch  0 taken 0 (fallthrough)
branch  1 taken 53
        -:  976:    {
    #####:  977:        buffer->offset--;
        -:  978:    }
        -:  979:
       53:  980:    return buffer;
        -:  981:}
        -:  982:
        -:  983:/* skip the UTF-8 BOM (byte order mark) if it is at the beginning of a buffer */
function skip_utf8_bom called 15 returned 100% blocks executed 80%
       15:  984:static parse_buffer *skip_utf8_bom(parse_buffer * const buffer)
        -:  985:{
       15:  986:    if ((buffer == NULL) || (buffer->content == NULL) || (buffer->offset != 0))
branch  0 taken 15 (fallthrough)
branch  1 taken 0
branch  2 taken 15 (fallthrough)
branch  3 taken 0
branch  4 taken 0 (fallthrough)
branch  5 taken 15
        -:  987:    {
    #####:  988:        return NULL;
        -:  989:    }
        -:  990:
       15:  991:    if (can_access_at_index(buffer, 4) && (strncmp((const char*)buffer_at_offset(buffer), "\xEF\xBB\xBF", 3) == 0))
branch  0 taken 15 (fallthrough)
branch  1 taken 0
branch  2 taken 11 (fallthrough)
branch  3 taken 4
branch  4 taken 0 (fallthrough)
branch  5 taken 11
        -:  992:    {
    #####:  993:        buffer->offset += 3;
        -:  994:    }
        -:  995:
       15:  996:    return buffer;
        -:  997:}
        -:  998:
        -:  999:/* Parse an object - create a new root, and populate. */
function cJSON_ParseWithOpts called 15 returned 100% blocks executed 40%
       15: 1000:CJSON_PUBLIC(cJSON *) cJSON_ParseWithOpts(const char *value, const char **return_parse_end, cJSON_bool require_null_terminated)
        -: 1001:{
       15: 1002:    parse_buffer buffer = { 0, 0, 0, 0, { 0, 0, 0 } };
       15: 1003:    cJSON *item = NULL;
        -: 1004:
        -: 1005:    /* reset error position */
       15: 1006:    global_error.json = NULL;
       15: 1007:    global_error.position = 0;
        -: 1008:
       15: 1009:    if (value == NULL)
branch  0 taken 0 (fallthrough)
branch  1 taken 15
        -: 1010:    {
    #####: 1011:        goto fail;
        -: 1012:    }
        -: 1013:
       15: 1014:    buffer.content = (const unsigned char*)value;
       15: 1015:    buffer.length = strlen((const char*)value) + sizeof("");
       15: 1016:    buffer.offset = 0;
       15: 1017:    buffer.hooks = global_hooks;
        -: 1018:
       15: 1019:    item = cJSON_New_Item(&global_hooks);
call    0 returned 15
       15: 1020:    if (item == NULL) /* memory fail */
branch  0 taken 0 (fallthrough)
branch  1 taken 15
        -: 1021:    {
    #####: 1022:        goto fail;
        -: 1023:    }
        -: 1024:
       15: 1025:    if (!parse_value(item, buffer_skip_whitespace(skip_utf8_bom(&buffer))))
call    0 returned 15
call    1 returned 15
call    2 returned 15
branch  3 taken 0 (fallthrough)
branch  4 taken 15
        -: 1026:    {
        -: 1027:        /* parse failure. ep is set. */
    #####: 1028:        goto fail;
        -: 1029:    }
        -: 1030:
        -: 1031:    /* if we require null-terminated JSON without appended garbage, skip and then check for a null terminator */
       15: 1032:    if (require_null_terminated)
branch  0 taken 0 (fallthrough)
branch  1 taken 15
        -: 1033:    {
    #####: 1034:        buffer_skip_whitespace(&buffer);
call    0 never executed
    #####: 1035:        if ((buffer.offset >= buffer.length) || buffer_at_offset(&buffer)[0] != '\0')
branch  0 never executed
branch  1 never executed
branch  2 never executed
branch  3 never executed
        -: 1036:        {
        -: 1037:            goto fail;
        -: 1038:        }
        -: 1039:    }
       15: 1040:    if (return_parse_end)
branch  0 taken 0 (fallthrough)
branch  1 taken 15
        -: 1041:    {
    #####: 1042:        *return_parse_end = (const char*)buffer_at_offset(&buffer);
        -: 1043:    }
        -: 1044:
       15: 1045:    return item;
        -: 1046:
        -: 1047:fail:
    #####: 1048:    if (item != NULL)
branch  0 never executed
branch  1 never executed
        -: 1049:    {
    #####: 1050:        cJSON_Delete(item);
call    0 never executed
        -: 1051:    }
        -: 1052:
    #####: 1053:    if (value != NULL)
branch  0 never executed
branch  1 never executed
        -: 1054:    {
        -: 1055:        error local_error;
    #####: 1056:        local_error.json = (const unsigned char*)value;
    #####: 1057:        local_error.position = 0;
        -: 1058:
    #####: 1059:        if (buffer.offset < buffer.length)
branch  0 never executed
branch  1 never executed
        -: 1060:        {
    #####: 1061:            local_error.position = buffer.offset;
        -: 1062:        }
    #####: 1063:        else if (buffer.length > 0)
branch  0 never executed
branch  1 never executed
        -: 1064:        {
    #####: 1065:            local_error.position = buffer.length - 1;
        -: 1066:        }
        -: 1067:
    #####: 1068:        if (return_parse_end != NULL)
branch  0 never executed
branch  1 never executed
        -: 1069:        {
    #####: 1070:            *return_parse_end = (const char*)local_error.json + local_error.position;
        -: 1071:        }
        -: 1072:
    #####: 1073:        global_error = local_error;
        -: 1074:    }
        -: 1075:
    #####: 1076:    return NULL;
        -: 1077:}
        -: 1078:
        -: 1079:/* Default options for cJSON_Parse */
function cJSON_Parse called 15 returned 100% blocks executed 100%
       15: 1080:CJSON_PUBLIC(cJSON *) cJSON_Parse(const char *value)
        -: 1081:{
       15: 1082:    return cJSON_ParseWithOpts(value, 0, 0);
call    0 returned 15
        -: 1083:}
        -: 1084:
        -: 1085:#define cjson_min(a, b) ((a < b) ? a : b)
        -: 1086:
function print called 0 returned 0% blocks executed 0%
    #####: 1087:static unsigned char *print(const cJSON * const item, cJSON_bool format, const internal_hooks * const hooks)
        -: 1088:{
        -: 1089:    static const size_t default_buffer_size = 256;
        -: 1090:    printbuffer buffer[1];
    #####: 1091:    unsigned char *printed = NULL;
        -: 1092:
    #####: 1093:    memset(buffer, 0, sizeof(buffer));
        -: 1094:
        -: 1095:    /* create buffer */
    #####: 1096:    buffer->buffer = (unsigned char*) hooks->allocate(default_buffer_size);
call    0 never executed
    #####: 1097:    buffer->length = default_buffer_size;
    #####: 1098:    buffer->format = format;
    #####: 1099:    buffer->hooks = *hooks;
    #####: 1100:    if (buffer->buffer == NULL)
branch  0 never executed
branch  1 never executed
        -: 1101:    {
    #####: 1102:        goto fail;
        -: 1103:    }
        -: 1104:
        -: 1105:    /* print the value */
    #####: 1106:    if (!print_value(item, buffer))
call    0 never executed
branch  1 never executed
branch  2 never executed
        -: 1107:    {
    #####: 1108:        goto fail;
        -: 1109:    }
    #####: 1110:    update_offset(buffer);
call    0 never executed
        -: 1111:
        -: 1112:    /* check if reallocate is available */
    #####: 1113:    if (hooks->reallocate != NULL)
branch  0 never executed
branch  1 never executed
        -: 1114:    {
    #####: 1115:        printed = (unsigned char*) hooks->reallocate(buffer->buffer, buffer->offset + 1);
call    0 never executed
    #####: 1116:        if (printed == NULL) {
branch  0 never executed
branch  1 never executed
    #####: 1117:            goto fail;
        -: 1118:        }
    #####: 1119:        buffer->buffer = NULL;
        -: 1120:    }
        -: 1121:    else /* otherwise copy the JSON over to a new buffer */
        -: 1122:    {
    #####: 1123:        printed = (unsigned char*) hooks->allocate(buffer->offset + 1);
call    0 never executed
    #####: 1124:        if (printed == NULL)
branch  0 never executed
branch  1 never executed
        -: 1125:        {
    #####: 1126:            goto fail;
        -: 1127:        }
    #####: 1128:        memcpy(printed, buffer->buffer, cjson_min(buffer->length, buffer->offset + 1));
    #####: 1129:        printed[buffer->offset] = '\0'; /* just to be sure */
        -: 1130:
        -: 1131:        /* free the buffer */
    #####: 1132:        hooks->deallocate(buffer->buffer);
call    0 never executed
        -: 1133:    }
        -: 1134:
    #####: 1135:    return printed;
        -: 1136:
        -: 1137:fail:
    #####: 1138:    if (buffer->buffer != NULL)
branch  0 never executed
branch  1 never executed
        -: 1139:    {
    #####: 1140:        hooks->deallocate(buffer->buffer);
call    0 never executed
        -: 1141:    }
        -: 1142:
    #####: 1143:    if (printed != NULL)
branch  0 never executed
branch  1 never executed
        -: 1144:    {
    #####: 1145:        hooks->deallocate(printed);
call    0 never executed
        -: 1146:    }
        -: 1147:
    #####: 1148:    return NULL;
        -: 1149:}
        -: 1150:
        -: 1151:/* Render a cJSON item/entity/structure to text. */
function cJSON_Print called 0 returned 0% blocks executed 0%
    #####: 1152:CJSON_PUBLIC(char *) cJSON_Print(const cJSON *item)
        -: 1153:{
    #####: 1154:    return (char*)print(item, true, &global_hooks);
call    0 never executed
        -: 1155:}
        -: 1156:
function cJSON_PrintUnformatted called 0 returned 0% blocks executed 0%
    #####: 1157:CJSON_PUBLIC(char *) cJSON_PrintUnformatted(const cJSON *item)
        -: 1158:{
    #####: 1159:    return (char*)print(item, false, &global_hooks);
call    0 never executed
        -: 1160:}
        -: 1161:
function cJSON_PrintBuffered called 0 returned 0% blocks executed 0%
    #####: 1162:CJSON_PUBLIC(char *) cJSON_PrintBuffered(const cJSON *item, int prebuffer, cJSON_bool fmt)
        -: 1163:{
    #####: 1164:    printbuffer p = { 0, 0, 0, 0, 0, 0, { 0, 0, 0 } };
        -: 1165:
    #####: 1166:    if (prebuffer < 0)
branch  0 never executed
branch  1 never executed
        -: 1167:    {
    #####: 1168:        return NULL;
        -: 1169:    }
        -: 1170:
    #####: 1171:    p.buffer = (unsigned char*)global_hooks.allocate((size_t)prebuffer);
call    0 never executed
    #####: 1172:    if (!p.buffer)
branch  0 never executed
branch  1 never executed
        -: 1173:    {
    #####: 1174:        return NULL;
        -: 1175:    }
        -: 1176:
    #####: 1177:    p.length = (size_t)prebuffer;
    #####: 1178:    p.offset = 0;
    #####: 1179:    p.noalloc = false;
    #####: 1180:    p.format = fmt;
    #####: 1181:    p.hooks = global_hooks;
        -: 1182:
    #####: 1183:    if (!print_value(item, &p))
call    0 never executed
branch  1 never executed
branch  2 never executed
        -: 1184:    {
    #####: 1185:        global_hooks.deallocate(p.buffer);
call    0 never executed
    #####: 1186:        return NULL;
        -: 1187:    }
        -: 1188:
    #####: 1189:    return (char*)p.buffer;
        -: 1190:}
        -: 1191:
function cJSON_PrintPreallocated called 0 returned 0% blocks executed 0%
    #####: 1192:CJSON_PUBLIC(cJSON_bool) cJSON_PrintPreallocated(cJSON *item, char *buf, const int len, const cJSON_bool fmt)
        -: 1193:{
    #####: 1194:    printbuffer p = { 0, 0, 0, 0, 0, 0, { 0, 0, 0 } };
        -: 1195:
    #####: 1196:    if ((len < 0) || (buf == NULL))
branch  0 never executed
branch  1 never executed
branch  2 never executed
branch  3 never executed
        -: 1197:    {
    #####: 1198:        return false;
        -: 1199:    }
        -: 1200:
    #####: 1201:    p.buffer = (unsigned char*)buf;
    #####: 1202:    p.length = (size_t)len;
    #####: 1203:    p.offset = 0;
    #####: 1204:    p.noalloc = true;
    #####: 1205:    p.format = fmt;
    #####: 1206:    p.hooks = global_hooks;
        -: 1207:
    #####: 1208:    return print_value(item, &p);
call    0 never executed
        -: 1209:}
        -: 1210:
        -: 1211:/* Parser core - when encountering text, process appropriately. */
function parse_value called 26 returned 100% blocks executed 94%
       26: 1212:static cJSON_bool parse_value(cJSON * const item, parse_buffer * const input_buffer)
        -: 1213:{
       26: 1214:    if ((input_buffer == NULL) || (input_buffer->content == NULL))
branch  0 taken 26 (fallthrough)
branch  1 taken 0
branch  2 taken 0 (fallthrough)
branch  3 taken 26
        -: 1215:    {
    #####: 1216:        return false; /* no input */
        -: 1217:    }
        -: 1218:
        -: 1219:    /* parse the different types of values */
        -: 1220:    /* null */
       26: 1221:    if (can_read(input_buffer, 4) && (strncmp((const char*)buffer_at_offset(input_buffer), "null", 4) == 0))
branch  0 taken 26 (fallthrough)
branch  1 taken 0
branch  2 taken 22 (fallthrough)
branch  3 taken 4
branch  4 taken 1 (fallthrough)
branch  5 taken 21
        -: 1222:    {
        1: 1223:        item->type = cJSON_NULL;
        1: 1224:        input_buffer->offset += 4;
        1: 1225:        return true;
        -: 1226:    }
        -: 1227:    /* false */
       25: 1228:    if (can_read(input_buffer, 5) && (strncmp((const char*)buffer_at_offset(input_buffer), "false", 5) == 0))
branch  0 taken 25 (fallthrough)
branch  1 taken 0
branch  2 taken 19 (fallthrough)
branch  3 taken 6
branch  4 taken 1 (fallthrough)
branch  5 taken 18
        -: 1229:    {
        1: 1230:        item->type = cJSON_False;
        1: 1231:        input_buffer->offset += 5;
        1: 1232:        return true;
        -: 1233:    }
        -: 1234:    /* true */
       24: 1235:    if (can_read(input_buffer, 4) && (strncmp((const char*)buffer_at_offset(input_buffer), "true", 4) == 0))
branch  0 taken 24 (fallthrough)
branch  1 taken 0
branch  2 taken 20 (fallthrough)
branch  3 taken 4
branch  4 taken 1 (fallthrough)
branch  5 taken 19
        -: 1236:    {
        1: 1237:        item->type = cJSON_True;
        1: 1238:        item->valueint = 1;
        1: 1239:        input_buffer->offset += 4;
        1: 1240:        return true;
        -: 1241:    }
        -: 1242:    /* string */
       23: 1243:    if (can_access_at_index(input_buffer, 0) && (buffer_at_offset(input_buffer)[0] == '\"'))
branch  0 taken 23 (fallthrough)
branch  1 taken 0
branch  2 taken 23 (fallthrough)
branch  3 taken 0
branch  4 taken 2 (fallthrough)
branch  5 taken 21
        -: 1244:    {
        2: 1245:        return parse_string(item, input_buffer);
call    0 returned 2
        -: 1246:    }
        -: 1247:    /* number */
       21: 1248:    if (can_access_at_index(input_buffer, 0) && ((buffer_at_offset(input_buffer)[0] == '-') || ((buffer_at_offset(input_buffer)[0] >= '0') && (buffer_at_offset(input_buffer)[0] <= '9'))))
branch  0 taken 21 (fallthrough)
branch  1 taken 0
branch  2 taken 21 (fallthrough)
branch  3 taken 0
branch  4 taken 19 (fallthrough)
branch  5 taken 2
branch  6 taken 19 (fallthrough)
branch  7 taken 0
branch  8 taken 7 (fallthrough)
branch  9 taken 12
        -: 1249:    {
        9: 1250:        return parse_number(item, input_buffer);
call    0 returned 9
        -: 1251:    }
        -: 1252:    /* array */
       12: 1253:    if (can_access_at_index(input_buffer, 0) && (buffer_at_offset(input_buffer)[0] == '['))
branch  0 taken 12 (fallthrough)
branch  1 taken 0
branch  2 taken 12 (fallthrough)
branch  3 taken 0
branch  4 taken 9 (fallthrough)
branch  5 taken 3
        -: 1254:    {
        9: 1255:        return parse_array(item, input_buffer);
call    0 returned 9
        -: 1256:    }
        -: 1257:    /* object */
        3: 1258:    if (can_access_at_index(input_buffer, 0) && (buffer_at_offset(input_buffer)[0] == '{'))
branch  0 taken 3 (fallthrough)
branch  1 taken 0
branch  2 taken 3 (fallthrough)
branch  3 taken 0
branch  4 taken 3 (fallthrough)
branch  5 taken 0
        -: 1259:    {
        3: 1260:        return parse_object(item, input_buffer);
call    0 returned 3
        -: 1261:    }
        -: 1262:
    #####: 1263:    return false;
        -: 1264:}
        -: 1265:
        -: 1266:/* Render a value to text. */
function print_value called 0 returned 0% blocks executed 0%
    #####: 1267:static cJSON_bool print_value(const cJSON * const item, printbuffer * const output_buffer)
        -: 1268:{
    #####: 1269:    unsigned char *output = NULL;
        -: 1270:
    #####: 1271:    if ((item == NULL) || (output_buffer == NULL))
branch  0 never executed
branch  1 never executed
branch  2 never executed
branch  3 never executed
        -: 1272:    {
    #####: 1273:        return false;
        -: 1274:    }
        -: 1275:
    #####: 1276:    switch ((item->type) & 0xFF)
branch  0 never executed
branch  1 never executed
branch  2 never executed
branch  3 never executed
branch  4 never executed
branch  5 never executed
branch  6 never executed
branch  7 never executed
branch  8 never executed
        -: 1277:    {
        -: 1278:        case cJSON_NULL:
    #####: 1279:            output = ensure(output_buffer, 5);
call    0 never executed
    #####: 1280:            if (output == NULL)
branch  0 never executed
branch  1 never executed
        -: 1281:            {
    #####: 1282:                return false;
        -: 1283:            }
    #####: 1284:            strcpy((char*)output, "null");
    #####: 1285:            return true;
        -: 1286:
        -: 1287:        case cJSON_False:
    #####: 1288:            output = ensure(output_buffer, 6);
call    0 never executed
    #####: 1289:            if (output == NULL)
branch  0 never executed
branch  1 never executed
        -: 1290:            {
    #####: 1291:                return false;
        -: 1292:            }
    #####: 1293:            strcpy((char*)output, "false");
    #####: 1294:            return true;
        -: 1295:
        -: 1296:        case cJSON_True:
    #####: 1297:            output = ensure(output_buffer, 5);
call    0 never executed
    #####: 1298:            if (output == NULL)
branch  0 never executed
branch  1 never executed
        -: 1299:            {
    #####: 1300:                return false;
        -: 1301:            }
    #####: 1302:            strcpy((char*)output, "true");
    #####: 1303:            return true;
        -: 1304:
        -: 1305:        case cJSON_Number:
    #####: 1306:            return print_number(item, output_buffer);
call    0 never executed
        -: 1307:
        -: 1308:        case cJSON_Raw:
        -: 1309:        {
    #####: 1310:            size_t raw_length = 0;
    #####: 1311:            if (item->valuestring == NULL)
branch  0 never executed
branch  1 never executed
        -: 1312:            {
    #####: 1313:                return false;
        -: 1314:            }
        -: 1315:
    #####: 1316:            raw_length = strlen(item->valuestring) + sizeof("");
    #####: 1317:            output = ensure(output_buffer, raw_length);
call    0 never executed
    #####: 1318:            if (output == NULL)
branch  0 never executed
branch  1 never executed
        -: 1319:            {
    #####: 1320:                return false;
        -: 1321:            }
    #####: 1322:            memcpy(output, item->valuestring, raw_length);
    #####: 1323:            return true;
        -: 1324:        }
        -: 1325:
        -: 1326:        case cJSON_String:
    #####: 1327:            return print_string(item, output_buffer);
call    0 never executed
        -: 1328:
        -: 1329:        case cJSON_Array:
    #####: 1330:            return print_array(item, output_buffer);
call    0 never executed
        -: 1331:
        -: 1332:        case cJSON_Object:
    #####: 1333:            return print_object(item, output_buffer);
call    0 never executed
        -: 1334:
        -: 1335:        default:
    #####: 1336:            return false;
        -: 1337:    }
        -: 1338:}
        -: 1339:
        -: 1340:/* Build an array from input text. */
function parse_array called 9 returned 100% blocks executed 77%
        9: 1341:static cJSON_bool parse_array(cJSON * const item, parse_buffer * const input_buffer)
        -: 1342:{
        9: 1343:    cJSON *head = NULL; /* head of the linked list */
        9: 1344:    cJSON *current_item = NULL;
        -: 1345:
        9: 1346:    if (input_buffer->depth >= CJSON_NESTING_LIMIT)
branch  0 taken 0 (fallthrough)
branch  1 taken 9
        -: 1347:    {
    #####: 1348:        return false; /* to deeply nested */
        -: 1349:    }
        9: 1350:    input_buffer->depth++;
        -: 1351:
        9: 1352:    if (buffer_at_offset(input_buffer)[0] != '[')
branch  0 taken 0 (fallthrough)
branch  1 taken 9
        -: 1353:    {
        -: 1354:        /* not an array */
    #####: 1355:        goto fail;
        -: 1356:    }
        -: 1357:
        9: 1358:    input_buffer->offset++;
        9: 1359:    buffer_skip_whitespace(input_buffer);
call    0 returned 9
        9: 1360:    if (can_access_at_index(input_buffer, 0) && (buffer_at_offset(input_buffer)[0] == ']'))
branch  0 taken 9 (fallthrough)
branch  1 taken 0
branch  2 taken 9 (fallthrough)
branch  3 taken 0
branch  4 taken 1 (fallthrough)
branch  5 taken 8
        -: 1361:    {
        -: 1362:        /* empty array */
        1: 1363:        goto success;
        -: 1364:    }
        -: 1365:
        -: 1366:    /* check if we skipped to the end of the buffer */
        8: 1367:    if (cannot_access_at_index(input_buffer, 0))
branch  0 taken 8 (fallthrough)
branch  1 taken 0
branch  2 taken 0 (fallthrough)
branch  3 taken 8
        -: 1368:    {
    #####: 1369:        input_buffer->offset--;
    #####: 1370:        goto fail;
        -: 1371:    }
        -: 1372:
        -: 1373:    /* step back to character in front of the first element */
        8: 1374:    input_buffer->offset--;
        -: 1375:    /* loop through the comma separated array elements */
        -: 1376:    do
        -: 1377:    {
        -: 1378:        /* allocate next item */
        9: 1379:        cJSON *new_item = cJSON_New_Item(&(input_buffer->hooks));
call    0 returned 9
        9: 1380:        if (new_item == NULL)
branch  0 taken 0 (fallthrough)
branch  1 taken 9
        -: 1381:        {
    #####: 1382:            goto fail; /* allocation failure */
        -: 1383:        }
        -: 1384:
        -: 1385:        /* attach next item to list */
        9: 1386:        if (head == NULL)
branch  0 taken 8 (fallthrough)
branch  1 taken 1
        -: 1387:        {
        -: 1388:            /* start the linked list */
        8: 1389:            current_item = head = new_item;
        -: 1390:        }
        -: 1391:        else
        -: 1392:        {
        -: 1393:            /* add to the end and advance */
        1: 1394:            current_item->next = new_item;
        1: 1395:            new_item->prev = current_item;
        1: 1396:            current_item = new_item;
        -: 1397:        }
        -: 1398:
        -: 1399:        /* parse next value */
        9: 1400:        input_buffer->offset++;
        9: 1401:        buffer_skip_whitespace(input_buffer);
call    0 returned 9
        9: 1402:        if (!parse_value(current_item, input_buffer))
call    0 returned 9
branch  1 taken 0 (fallthrough)
branch  2 taken 9
        -: 1403:        {
    #####: 1404:            goto fail; /* failed to parse value */
        -: 1405:        }
        9: 1406:        buffer_skip_whitespace(input_buffer);
call    0 returned 9
        -: 1407:    }
        9: 1408:    while (can_access_at_index(input_buffer, 0) && (buffer_at_offset(input_buffer)[0] == ','));
branch  0 taken 9 (fallthrough)
branch  1 taken 0
branch  2 taken 9 (fallthrough)
branch  3 taken 0
branch  4 taken 1
branch  5 taken 8 (fallthrough)
        -: 1409:
        8: 1410:    if (cannot_access_at_index(input_buffer, 0) || buffer_at_offset(input_buffer)[0] != ']')
branch  0 taken 8 (fallthrough)
branch  1 taken 0
branch  2 taken 8 (fallthrough)
branch  3 taken 0
branch  4 taken 8 (fallthrough)
branch  5 taken 0
        -: 1411:    {
        -: 1412:        goto fail; /* expected end of array */
        -: 1413:    }
        -: 1414:
        -: 1415:success:
        9: 1416:    input_buffer->depth--;
        -: 1417:
        9: 1418:    item->type = cJSON_Array;
        9: 1419:    item->child = head;
        -: 1420:
        9: 1421:    input_buffer->offset++;
        -: 1422:
        9: 1423:    return true;
        -: 1424:
        -: 1425:fail:
    #####: 1426:    if (head != NULL)
branch  0 never executed
branch  1 never executed
        -: 1427:    {
    #####: 1428:        cJSON_Delete(head);
call    0 never executed
        -: 1429:    }
        -: 1430:
    #####: 1431:    return false;
        -: 1432:}
        -: 1433:
        -: 1434:/* Render an array to text */
function print_array called 0 returned 0% blocks executed 0%
    #####: 1435:static cJSON_bool print_array(const cJSON * const item, printbuffer * const output_buffer)
        -: 1436:{
    #####: 1437:    unsigned char *output_pointer = NULL;
    #####: 1438:    size_t length = 0;
    #####: 1439:    cJSON *current_element = item->child;
        -: 1440:
    #####: 1441:    if (output_buffer == NULL)
branch  0 never executed
branch  1 never executed
        -: 1442:    {
    #####: 1443:        return false;
        -: 1444:    }
        -: 1445:
        -: 1446:    /* Compose the output array. */
        -: 1447:    /* opening square bracket */
    #####: 1448:    output_pointer = ensure(output_buffer, 1);
call    0 never executed
    #####: 1449:    if (output_pointer == NULL)
branch  0 never executed
branch  1 never executed
        -: 1450:    {
    #####: 1451:        return false;
        -: 1452:    }
        -: 1453:
    #####: 1454:    *output_pointer = '[';
    #####: 1455:    output_buffer->offset++;
    #####: 1456:    output_buffer->depth++;
        -: 1457:
    #####: 1458:    while (current_element != NULL)
branch  0 never executed
branch  1 never executed
        -: 1459:    {
    #####: 1460:        if (!print_value(current_element, output_buffer))
call    0 never executed
branch  1 never executed
branch  2 never executed
        -: 1461:        {
    #####: 1462:            return false;
        -: 1463:        }
    #####: 1464:        update_offset(output_buffer);
call    0 never executed
    #####: 1465:        if (current_element->next)
branch  0 never executed
branch  1 never executed
        -: 1466:        {
    #####: 1467:            length = (size_t) (output_buffer->format ? 2 : 1);
branch  0 never executed
branch  1 never executed
    #####: 1468:            output_pointer = ensure(output_buffer, length + 1);
call    0 never executed
    #####: 1469:            if (output_pointer == NULL)
branch  0 never executed
branch  1 never executed
        -: 1470:            {
    #####: 1471:                return false;
        -: 1472:            }
    #####: 1473:            *output_pointer++ = ',';
    #####: 1474:            if(output_buffer->format)
branch  0 never executed
branch  1 never executed
        -: 1475:            {
    #####: 1476:                *output_pointer++ = ' ';
        -: 1477:            }
    #####: 1478:            *output_pointer = '\0';
    #####: 1479:            output_buffer->offset += length;
        -: 1480:        }
    #####: 1481:        current_element = current_element->next;
        -: 1482:    }
        -: 1483:
    #####: 1484:    output_pointer = ensure(output_buffer, 2);
call    0 never executed
    #####: 1485:    if (output_pointer == NULL)
branch  0 never executed
branch  1 never executed
        -: 1486:    {
    #####: 1487:        return false;
        -: 1488:    }
    #####: 1489:    *output_pointer++ = ']';
    #####: 1490:    *output_pointer = '\0';
    #####: 1491:    output_buffer->depth--;
        -: 1492:
    #####: 1493:    return true;
        -: 1494:}
        -: 1495:
        -: 1496:/* Build an object from the text. */
function parse_object called 3 returned 100% blocks executed 80%
        3: 1497:static cJSON_bool parse_object(cJSON * const item, parse_buffer * const input_buffer)
        -: 1498:{
        3: 1499:    cJSON *head = NULL; /* linked list head */
        3: 1500:    cJSON *current_item = NULL;
        -: 1501:
        3: 1502:    if (input_buffer->depth >= CJSON_NESTING_LIMIT)
branch  0 taken 0 (fallthrough)
branch  1 taken 3
        -: 1503:    {
    #####: 1504:        return false; /* to deeply nested */
        -: 1505:    }
        3: 1506:    input_buffer->depth++;
        -: 1507:
        3: 1508:    if (cannot_access_at_index(input_buffer, 0) || (buffer_at_offset(input_buffer)[0] != '{'))
branch  0 taken 3 (fallthrough)
branch  1 taken 0
branch  2 taken 3 (fallthrough)
branch  3 taken 0
branch  4 taken 3 (fallthrough)
branch  5 taken 0
        -: 1509:    {
        -: 1510:        goto fail; /* not an object */
        -: 1511:    }
        -: 1512:
        3: 1513:    input_buffer->offset++;
[...]
    #####: 2570:    newitem->valueint = item->valueint;
    #####: 2571:    newitem->valuedouble = item->valuedouble;
    #####: 2572:    if (item->valuestring)
branch  0 never executed
branch  1 never executed
        -: 2573:    {
    #####: 2574:        newitem->valuestring = (char*)cJSON_strdup((unsigned char*)item->valuestring, &global_hooks);
call    0 never executed
    #####: 2575:        if (!newitem->valuestring)
branch  0 never executed
branch  1 never executed
        -: 2576:        {
    #####: 2577:            goto fail;
        -: 2578:        }
        -: 2579:    }
    #####: 2580:    if (item->string)
branch  0 never executed
branch  1 never executed
        -: 2581:    {
    #####: 2582:        newitem->string = (item->type&cJSON_StringIsConst) ? item->string : (char*)cJSON_strdup((unsigned char*)item->string, &global_hooks);
branch  0 never executed
branch  1 never executed
call    2 never executed
    #####: 2583:        if (!newitem->string)
branch  0 never executed
branch  1 never executed
        -: 2584:        {
    #####: 2585:            goto fail;
        -: 2586:        }
        -: 2587:    }
        -: 2588:    /* If non-recursive, then we're done! */
    #####: 2589:    if (!recurse)
branch  0 never executed
branch  1 never executed
        -: 2590:    {
    #####: 2591:        return newitem;
        -: 2592:    }
        -: 2593:    /* Walk the ->next chain for the child. */
    #####: 2594:    child = item->child;
    #####: 2595:    while (child != NULL)
branch  0 never executed
branch  1 never executed
        -: 2596:    {
    #####: 2597:        newchild = cJSON_Duplicate(child, true); /* Duplicate (with recurse) each item in the ->next chain */
call    0 never executed
    #####: 2598:        if (!newchild)
branch  0 never executed
branch  1 never executed
        -: 2599:        {
    #####: 2600:            goto fail;
        -: 2601:        }
    #####: 2602:        if (next != NULL)
branch  0 never executed
branch  1 never executed
        -: 2603:        {
        -: 2604:            /* If newitem->child already set, then crosswire ->prev and ->next and move on */
    #####: 2605:            next->next = newchild;
    #####: 2606:            newchild->prev = next;
    #####: 2607:            next = newchild;
        -: 2608:        }
        -: 2609:        else
        -: 2610:        {
        -: 2611:            /* Set newitem->child and move to it */
    #####: 2612:            newitem->child = newchild;
    #####: 2613:            next = newchild;
        -: 2614:        }
    #####: 2615:        child = child->next;
        -: 2616:    }
        -: 2617:
    #####: 2618:    return newitem;
        -: 2619:
        -: 2620:fail:
    #####: 2621:    if (newitem != NULL)
branch  0 never executed
branch  1 never executed
        -: 2622:    {
    #####: 2623:        cJSON_Delete(newitem);
call    0 never executed
        -: 2624:    }
        -: 2625:
    #####: 2626:    return NULL;
        -: 2627:}
        -: 2628:
function cJSON_Minify called 0 returned 0% blocks executed 0%
    #####: 2629:CJSON_PUBLIC(void) cJSON_Minify(char *json)
        -: 2630:{
    #####: 2631:    unsigned char *into = (unsigned char*)json;
        -: 2632:
    #####: 2633:    if (json == NULL)
branch  0 never executed
branch  1 never executed
        -: 2634:    {
    #####: 2635:        return;
        -: 2636:    }
        -: 2637:
    #####: 2638:    while (*json)
branch  0 never executed
branch  1 never executed
        -: 2639:    {
    #####: 2640:        if (*json == ' ')
branch  0 never executed
branch  1 never executed
        -: 2641:        {
    #####: 2642:            json++;
        -: 2643:        }
    #####: 2644:        else if (*json == '\t')
branch  0 never executed
branch  1 never executed
        -: 2645:        {
        -: 2646:            /* Whitespace characters. */
    #####: 2647:            json++;
        -: 2648:        }
    #####: 2649:        else if (*json == '\r')
branch  0 never executed
branch  1 never executed
        -: 2650:        {
    #####: 2651:            json++;
        -: 2652:        }
    #####: 2653:        else if (*json=='\n')
branch  0 never executed
branch  1 never executed
        -: 2654:        {
    #####: 2655:            json++;
        -: 2656:        }
    #####: 2657:        else if ((*json == '/') && (json[1] == '/'))
branch  0 never executed
branch  1 never executed
branch  2 never executed
branch  3 never executed
        -: 2658:        {
        -: 2659:            /* double-slash comments, to end of line. */
    #####: 2660:            while (*json && (*json != '\n'))
branch  0 never executed
branch  1 never executed
branch  2 never executed
branch  3 never executed
        -: 2661:            {
    #####: 2662:                json++;
        -: 2663:            }
        -: 2664:        }
    #####: 2665:        else if ((*json == '/') && (json[1] == '*'))
branch  0 never executed
branch  1 never executed
branch  2 never executed
branch  3 never executed
        -: 2666:        {
        -: 2667:            /* multiline comments. */
    #####: 2668:            while (*json && !((*json == '*') && (json[1] == '/')))
branch  0 never executed
branch  1 never executed
branch  2 never executed
branch  3 never executed
branch  4 never executed
branch  5 never executed
        -: 2669:            {
    #####: 2670:                json++;
        -: 2671:            }
    #####: 2672:            json += 2;
        -: 2673:        }
    #####: 2674:        else if (*json == '\"')
branch  0 never executed
branch  1 never executed
        -: 2675:        {
        -: 2676:            /* string literals, which are \" sensitive. */
    #####: 2677:            *into++ = (unsigned char)*json++;
    #####: 2678:            while (*json && (*json != '\"'))
branch  0 never executed
branch  1 never executed
branch  2 never executed
branch  3 never executed
        -: 2679:            {
    #####: 2680:                if (*json == '\\')
branch  0 never executed
branch  1 never executed
        -: 2681:                {
    #####: 2682:                    *into++ = (unsigned char)*json++;
        -: 2683:                }
    #####: 2684:                *into++ = (unsigned char)*json++;
        -: 2685:            }
    #####: 2686:            *into++ = (unsigned char)*json++;
        -: 2687:        }
        -: 2688:        else
        -: 2689:        {
        -: 2690:            /* All other characters. */
    #####: 2691:            *into++ = (unsigned char)*json++;
        -: 2692:        }
        -: 2693:    }
        -: 2694:
        -: 2695:    /* and null-terminate. */
    #####: 2696:    *into = '\0';
        -: 2697:}
        -: 2698:
function cJSON_IsInvalid called 0 returned 0% blocks executed 0%
    #####: 2699:CJSON_PUBLIC(cJSON_bool) cJSON_IsInvalid(const cJSON * const item)
        -: 2700:{
    #####: 2701:    if (item == NULL)
branch  0 never executed
branch  1 never executed
        -: 2702:    {
    #####: 2703:        return false;
        -: 2704:    }
        -: 2705:
    #####: 2706:    return (item->type & 0xFF) == cJSON_Invalid;
        -: 2707:}
        -: 2708:
function cJSON_IsFalse called 0 returned 0% blocks executed 0%
    #####: 2709:CJSON_PUBLIC(cJSON_bool) cJSON_IsFalse(const cJSON * const item)
        -: 2710:{
    #####: 2711:    if (item == NULL)
branch  0 never executed
branch  1 never executed
        -: 2712:    {
    #####: 2713:        return false;
        -: 2714:    }
        -: 2715:
    #####: 2716:    return (item->type & 0xFF) == cJSON_False;
        -: 2717:}
        -: 2718:
function cJSON_IsTrue called 0 returned 0% blocks executed 0%
    #####: 2719:CJSON_PUBLIC(cJSON_bool) cJSON_IsTrue(const cJSON * const item)
        -: 2720:{
    #####: 2721:    if (item == NULL)
branch  0 never executed
branch  1 never executed
        -: 2722:    {
    #####: 2723:        return false;
        -: 2724:    }
        -: 2725:
    #####: 2726:    return (item->type & 0xff) == cJSON_True;
        -: 2727:}
        -: 2728:
        -: 2729:
function cJSON_IsBool called 0 returned 0% blocks executed 0%
    #####: 2730:CJSON_PUBLIC(cJSON_bool) cJSON_IsBool(const cJSON * const item)
        -: 2731:{
    #####: 2732:    if (item == NULL)
branch  0 never executed
branch  1 never executed
        -: 2733:    {
    #####: 2734:        return false;
        -: 2735:    }
        -: 2736:
    #####: 2737:    return (item->type & (cJSON_True | cJSON_False)) != 0;
        -: 2738:}
function cJSON_IsNull called 0 returned 0% blocks executed 0%
    #####: 2739:CJSON_PUBLIC(cJSON_bool) cJSON_IsNull(const cJSON * const item)
        -: 2740:{
    #####: 2741:    if (item == NULL)
branch  0 never executed
branch  1 never executed
        -: 2742:    {
    #####: 2743:        return false;
        -: 2744:    }
        -: 2745:
    #####: 2746:    return (item->type & 0xFF) == cJSON_NULL;
        -: 2747:}
        -: 2748:
function cJSON_IsNumber called 0 returned 0% blocks executed 0%
    #####: 2749:CJSON_PUBLIC(cJSON_bool) cJSON_IsNumber(const cJSON * const item)
        -: 2750:{
    #####: 2751:    if (item == NULL)
branch  0 never executed
branch  1 never executed
        -: 2752:    {
    #####: 2753:        return false;
        -: 2754:    }
        -: 2755:
    #####: 2756:    return (item->type & 0xFF) == cJSON_Number;
        -: 2757:}
        -: 2758:
function cJSON_IsString called 0 returned 0% blocks executed 0%
    #####: 2759:CJSON_PUBLIC(cJSON_bool) cJSON_IsString(const cJSON * const item)
        -: 2760:{
    #####: 2761:    if (item == NULL)
branch  0 never executed
branch  1 never executed
        -: 2762:    {
    #####: 2763:        return false;
        -: 2764:    }
        -: 2765:
    #####: 2766:    return (item->type & 0xFF) == cJSON_String;
        -: 2767:}
        -: 2768:
function cJSON_IsArray called 0 returned 0% blocks executed 0%
    #####: 2769:CJSON_PUBLIC(cJSON_bool) cJSON_IsArray(const cJSON * const item)
        -: 2770:{
    #####: 2771:    if (item == NULL)
branch  0 never executed
branch  1 never executed
        -: 2772:    {
    #####: 2773:        return false;
        -: 2774:    }
        -: 2775:
    #####: 2776:    return (item->type & 0xFF) == cJSON_Array;
        -: 2777:}
        -: 2778:
function cJSON_IsObject called 0 returned 0% blocks executed 0%
    #####: 2779:CJSON_PUBLIC(cJSON_bool) cJSON_IsObject(const cJSON * const item)
        -: 2780:{
    #####: 2781:    if (item == NULL)
branch  0 never executed
branch  1 never executed
        -: 2782:    {
    #####: 2783:        return false;
        -: 2784:    }
        -: 2785:
    #####: 2786:    return (item->type & 0xFF) == cJSON_Object;
        -: 2787:}
        -: 2788:
function cJSON_IsRaw called 0 returned 0% blocks executed 0%
    #####: 2789:CJSON_PUBLIC(cJSON_bool) cJSON_IsRaw(const cJSON * const item)
        -: 2790:{
    #####: 2791:    if (item == NULL)
branch  0 never executed
branch  1 never executed
        -: 2792:    {
    #####: 2793:        return false;
        -: 2794:    }
        -: 2795:
    #####: 2796:    return (item->type & 0xFF) == cJSON_Raw;
        -: 2797:}
        -: 2798:
function cJSON_Compare called 0 returned 0% blocks executed 0%
    #####: 2799:CJSON_PUBLIC(cJSON_bool) cJSON_Compare(const cJSON * const a, const cJSON * const b, const cJSON_bool case_sensitive)
        -: 2800:{
    #####: 2801:    if ((a == NULL) || (b == NULL) || ((a->type & 0xFF) != (b->type & 0xFF)) || cJSON_IsInvalid(a))
branch  0 never executed
branch  1 never executed
branch  2 never executed
branch  3 never executed
branch  4 never executed
branch  5 never executed
call    6 never executed
branch  7 never executed
branch  8 never executed
        -: 2802:    {
    #####: 2803:        return false;
        -: 2804:    }
        -: 2805:
        -: 2806:    /* check if type is valid */
    #####: 2807:    switch (a->type & 0xFF)
branch  0 never executed
branch  1 never executed
        -: 2808:    {
        -: 2809:        case cJSON_False:
        -: 2810:        case cJSON_True:
        -: 2811:        case cJSON_NULL:
        -: 2812:        case cJSON_Number:
        -: 2813:        case cJSON_String:
        -: 2814:        case cJSON_Raw:
        -: 2815:        case cJSON_Array:
        -: 2816:        case cJSON_Object:
    #####: 2817:            break;
        -: 2818:
        -: 2819:        default:
    #####: 2820:            return false;
        -: 2821:    }
        -: 2822:
        -: 2823:    /* identical objects are equal */
    #####: 2824:    if (a == b)
branch  0 never executed
branch  1 never executed
        -: 2825:    {
    #####: 2826:        return true;
        -: 2827:    }
        -: 2828:
    #####: 2829:    switch (a->type & 0xFF)
branch  0 never executed
branch  1 never executed
branch  2 never executed
branch  3 never executed
branch  4 never executed
branch  5 never executed
        -: 2830:    {
        -: 2831:        /* in these cases and equal type is enough */
        -: 2832:        case cJSON_False:
        -: 2833:        case cJSON_True:
        -: 2834:        case cJSON_NULL:
    #####: 2835:            return true;
        -: 2836:
        -: 2837:        case cJSON_Number:
    #####: 2838:            if (a->valuedouble == b->valuedouble)
branch  0 never executed
branch  1 never executed
        -: 2839:            {
    #####: 2840:                return true;
        -: 2841:            }
    #####: 2842:            return false;
        -: 2843:
        -: 2844:        case cJSON_String:
        -: 2845:        case cJSON_Raw:
    #####: 2846:            if ((a->valuestring == NULL) || (b->valuestring == NULL))
branch  0 never executed
branch  1 never executed
branch  2 never executed
branch  3 never executed
        -: 2847:            {
    #####: 2848:                return false;
        -: 2849:            }
    #####: 2850:            if (strcmp(a->valuestring, b->valuestring) == 0)
branch  0 never executed
branch  1 never executed
        -: 2851:            {
    #####: 2852:                return true;
        -: 2853:            }
        -: 2854:
    #####: 2855:            return false;
        -: 2856:
        -: 2857:        case cJSON_Array:
        -: 2858:        {
    #####: 2859:            cJSON *a_element = a->child;
    #####: 2860:            cJSON *b_element = b->child;
        -: 2861:
    #####: 2862:            for (; (a_element != NULL) && (b_element != NULL);)
branch  0 never executed
branch  1 never executed
branch  2 never executed
branch  3 never executed
        -: 2863:            {
    #####: 2864:                if (!cJSON_Compare(a_element, b_element, case_sensitive))
call    0 never executed
branch  1 never executed
branch  2 never executed
        -: 2865:                {
    #####: 2866:                    return false;
        -: 2867:                }
        -: 2868:
    #####: 2869:                a_element = a_element->next;
    #####: 2870:                b_element = b_element->next;
        -: 2871:            }
        -: 2872:
        -: 2873:            /* one of the arrays is longer than the other */
    #####: 2874:            if (a_element != b_element) {
branch  0 never executed
branch  1 never executed
    #####: 2875:                return false;
        -: 2876:            }
        -: 2877:
    #####: 2878:            return true;
        -: 2879:        }
        -: 2880:
        -: 2881:        case cJSON_Object:
        -: 2882:        {
    #####: 2883:            cJSON *a_element = NULL;
    #####: 2884:            cJSON *b_element = NULL;
    #####: 2885:            cJSON_ArrayForEach(a_element, a)
branch  0 never executed
branch  1 never executed
branch  2 never executed
branch  3 never executed
        -: 2886:            {
        -: 2887:                /* TODO This has O(n^2) runtime, which is horrible! */
    #####: 2888:                b_element = get_object_item(b, a_element->string, case_sensitive);
call    0 never executed
    #####: 2889:                if (b_element == NULL)
branch  0 never executed
branch  1 never executed
        -: 2890:                {
    #####: 2891:                    return false;
        -: 2892:                }
        -: 2893:
    #####: 2894:                if (!cJSON_Compare(a_element, b_element, case_sensitive))
call    0 never executed
branch  1 never executed
branch  2 never executed
        -: 2895:                {
    #####: 2896:                    return false;
        -: 2897:                }
        -: 2898:            }
        -: 2899:
        -: 2900:            /* doing this twice, once on a and b to prevent true comparison if a subset of b
        -: 2901:             * TODO: Do this the proper way, this is just a fix for now */
    #####: 2902:            cJSON_ArrayForEach(b_element, b)
branch  0 never executed
branch  1 never executed
branch  2 never executed
branch  3 never executed
        -: 2903:            {
    #####: 2904:                a_element = get_object_item(a, b_element->string, case_sensitive);
call    0 never executed
    #####: 2905:                if (a_element == NULL)
branch  0 never executed
branch  1 never executed
        -: 2906:                {
    #####: 2907:                    return false;
        -: 2908:                }
        -: 2909:
    #####: 2910:                if (!cJSON_Compare(b_element, a_element, case_sensitive))
call    0 never executed
branch  1 never executed
branch  2 never executed
        -: 2911:                {
    #####: 2912:                    return false;
        -: 2913:                }
        -: 2914:            }
        -: 2915:
    #####: 2916:            return true;
        -: 2917:        }
        -: 2918:
        -: 2919:        default:
    #####: 2920:            return false;
        -: 2921:    }
        -: 2922:}
        -: 2923:
function cJSON_malloc called 0 returned 0% blocks executed 0%
    #####: 2924:CJSON_PUBLIC(void *) cJSON_malloc(size_t size)
        -: 2925:{
    #####: 2926:    return global_hooks.allocate(size);
call    0 never executed
        -: 2927:}
        -: 2928:
function cJSON_free called 0 returned 0% blocks executed 0%
    #####: 2929:CJSON_PUBLIC(void) cJSON_free(void *object)
        -: 2930:{
    #####: 2931:    global_hooks.deallocate(object);
call    0 never executed
    #####: 2932:}
        -: 2933:
        -: 2934:// newly added for running the code
        -: 2935:// this is the argv version, for afl there is a stdin version
        -: 2936:
function read_input called 15 returned 100% blocks executed 88%
       15: 2937:char* read_input() {
       15: 2938:    int counter = 0;
       15: 2939:    char* chars = malloc(sizeof(char) * 1000);
       15: 2940:    char c = 0;
      119: 2941:    while((c = fgetc(stdin)) != EOF){
call    0 returned 104
branch  1 taken 89
branch  2 taken 15 (fallthrough)
       89: 2942:        if (counter == 1000) {
branch  0 taken 0 (fallthrough)
branch  1 taken 89
    #####: 2943:            exit(1);
call    0 never executed
        -: 2944:        }
       89: 2945:        chars[counter++] = c;
        -: 2946:    }
       15: 2947:    chars[counter] = '\0';
       15: 2948:    return chars;
        -: 2949:}
        -: 2950:
function main called 15 returned 100% blocks executed 75%
       15: 2951:int main(int argc, char** argv) {
       15: 2952:    char* string = read_input();
call    0 returned 15
       15: 2953:    printf(string);
call    0 returned 15
       15: 2954:    cJSON *json = cJSON_Parse(string);
call    0 returned 15
       15: 2955:    if (json == NULL) {
branch  0 taken 0 (fallthrough)
branch  1 taken 15
    #####: 2956:        printf("Invalid json.\n");
call    0 never executed
    #####: 2957:        exit(1);
call    0 never executed
        -: 2958:    }
        -: 2959:    //printf(cJSON_Print(json));
        -: 2960:
        -: 2961:}
        -: 2962:
